Arguments: 
  C:\Program Files\nodejs\node.exe C:\Program Files (x86)\Yarn\bin\yarn.js test

PATH: 
  C:\Program Files (x86)\Intel\iCLS Client\;C:\Program Files\Intel\iCLS Client\;C:\Windows\system32;C:\Windows;C:\Windows\System32\Wbem;C:\Windows\System32\WindowsPowerShell\v1.0\;C:\Program Files\Intel\WiFi\bin\;C:\Program Files\Common Files\Intel\WirelessCommon\;C:\Program Files (x86)\NVIDIA Corporation\PhysX\Common;C:\Program Files\nodejs\;C:\Program Files (x86)\Yarn\bin\;C:\Program Files\Git\cmd;C:\WINDOWS\system32;C:\WINDOWS;C:\WINDOWS\System32\Wbem;C:\WINDOWS\System32\WindowsPowerShell\v1.0\;C:\Program Files\MongoDB\Server\3.6\bin;C:\Program Files (x86)\Intel\Intel(R) Management Engine Components\DAL;C:\Program Files\Intel\Intel(R) Management Engine Components\DAL;C:\Program Files (x86)\Intel\Intel(R) Management Engine Components\IPT;C:\Program Files\Intel\Intel(R) Management Engine Components\IPT;C:\Users\kenkz447\AppData\Local\Microsoft\WindowsApps;C:\Users\kenkz447\AppData\Roaming\npm;C:\Users\kenkz447\AppData\Local\Yarn\bin;C:\Program Files\Microsoft VS Code\bin;

Yarn version: 
  1.5.1

Node version: 
  9.8.0

Platform: 
  win32 x64

npm manifest: 
  {
      "name": "mongodb-graphql-setup",
      "version": "1.0.0",
      "main": "index.js",
      "license": "MIT",
      "dependencies": {
          "bcrypt": "^1.0.3",
          "body-parser": "^1.18.2",
          "express": "^4.16.3",
          "express-graphql": "^0.6.12",
          "express-jwt": "^5.3.1",
          "express-validator": "^5.0.3",
          "graphql": "^0.13.2",
          "jsonwebtoken": "^8.2.0",
          "mongoose": "^5.0.10"
      },
      "devDependencies": {
          "babel": "^6.23.0",
          "babel-cli": "^6.26.0",
          "babel-eslint": "^8.2.2",
          "babel-plugin-module-resolver": "^3.1.0",
          "babel-plugin-transform-async-to-generator": "^6.24.1",
          "babel-plugin-transform-object-rest-spread": "^6.26.0",
          "babel-preset-env": "^1.6.1",
          "babel-register": "^6.26.0",
          "chai": "^4.1.2",
          "eslint": "^4.19.0",
          "eslint-config-standard": "^11.0.0",
          "eslint-plugin-import": "^2.9.0",
          "eslint-plugin-node": "^6.0.1",
          "eslint-plugin-promise": "^3.7.0",
          "eslint-plugin-standard": "^3.0.1",
          "mocha": "^5.0.4",
          "sinon": "^4.4.6",
          "sinon-chai": "^3.0.0"
      },
      "scripts": {
          "start": "babel-node index.js",
          "debug": "babel-node --nolazy --inspect-brk=9229 index.js",
          "test": "mocha --timeout 2000 --require babel-polyfill --compilers js:babel-register src/**/*.test.js"
      }
  }

yarn manifest: 
  No manifest

Lockfile: 
  No lockfile

Trace: 
  Error: Command failed.
  Exit code: 3
  Command: C:\WINDOWS\system32\cmd.exe
  Arguments: /d /s /c mocha --timeout 2000 --require babel-polyfill --compilers js:babel-register src/**/*.test.js
  Directory: C:\Users\kenkz447\Documents\Projects\words
  Output:
  
      at ProcessTermError.MessageError (C:\Program Files (x86)\Yarn\lib\cli.js:186:110)
      at new ProcessTermError (C:\Program Files (x86)\Yarn\lib\cli.js:226:113)
      at ChildProcess.<anonymous> (C:\Program Files (x86)\Yarn\lib\cli.js:30281:17)
      at ChildProcess.emit (events.js:180:13)
      at maybeClose (internal/child_process.js:936:16)
      at Process.ChildProcess._handle.onexit (internal/child_process.js:220:5)
